<?xml version="1.0" encoding="UTF-8"?>
<!-- Generated by org.testng.reporters.JUnitXMLReporter -->
<testsuite ignored="0" hostname="LAPTOP-LIJIBR5S" failures="2" tests="3" name="Error Validation" time="40.605" errors="0" timestamp="2025-09-07T15:58:33 IST">
  <testcase classname="VinitCom.tests.ErrorValidation" name="loginErrorValidation" time="1.849">
    <failure type="java.lang.AssertionError" message="expected [[[ChromeDriver: chrome on windows (d25f329a831a4b067cd4dbd8c2c0a021)] -&amp;gt; css selector: [class*=&amp;apos;flyInOut&amp;apos;]] but found [Incorrect email or password.]">
      <![CDATA[java.lang.AssertionError: expected [[[ChromeDriver: chrome on windows (d25f329a831a4b067cd4dbd8c2c0a021)] -> css selector: [class*='flyInOut']] but found [Incorrect email or password.]
at VinitCom.tests.ErrorValidation.loginErrorValidation(ErrorValidation.java:36)
at java.base/java.util.ArrayList.forEach(ArrayList.java:1596)
at java.base/java.util.concurrent.FutureTask.run(FutureTask.java:317)
at java.base/java.util.concurrent.ThreadPoolExecutor.runWorker(ThreadPoolExecutor.java:1144)
at java.base/java.util.concurrent.ThreadPoolExecutor$Worker.run(ThreadPoolExecutor.java:642)
at java.base/java.lang.Thread.run(Thread.java:1583)
... Removed 20 stack frames]]>
    </failure>
  </testcase> <!-- loginErrorValidation -->
  <testcase classname="VinitCom.tests.ErrorValidation" name="productErrorValidation" time="7.745">
    <skipped/>
  </testcase> <!-- productErrorValidation -->
  <testcase classname="VinitCom.tests.ErrorValidation" name="productErrorValidation" time="7.67">
    <failure type="java.lang.NullPointerException" message="Cannot invoke &amp;quot;org.openqa.selenium.WebElement.findElement(org.openqa.selenium.By)&amp;quot; because &amp;quot;DesiredProd&amp;quot; is null">
      <![CDATA[java.lang.NullPointerException: Cannot invoke "org.openqa.selenium.WebElement.findElement(org.openqa.selenium.By)" because "DesiredProd" is null
at VinitCom.pagebjects.ProductCatalog.addProductToCart(ProductCatalog.java:57)
at VinitCom.tests.ErrorValidation.productErrorValidation(ErrorValidation.java:50)
at java.base/java.util.ArrayList.forEach(ArrayList.java:1596)
at java.base/java.util.concurrent.FutureTask.run(FutureTask.java:317)
at java.base/java.util.concurrent.ThreadPoolExecutor.runWorker(ThreadPoolExecutor.java:1144)
at java.base/java.util.concurrent.ThreadPoolExecutor$Worker.run(ThreadPoolExecutor.java:642)
at java.base/java.lang.Thread.run(Thread.java:1583)
... Removed 15 stack frames]]>
    </failure>
  </testcase> <!-- productErrorValidation -->
</testsuite> <!-- Error Validation -->
