<!DOCTYPE html PUBLIC "-//W3C//DTD XHTML 1.1//EN" "https://www.w3.org/TR/xhtml11/DTD/xhtml11.dtd">
<html xmlns="https://www.w3.org/1999/xhtml">
<head>
<meta http-equiv="content-type" content="text/html; charset=UTF-8"/>
<title>TestNG Report</title>
<style type="text/css">table {margin-bottom:10px;border-collapse:collapse;empty-cells:show}th,td {border:1px solid #009;padding:.25em .5em}th {vertical-align:bottom}td {vertical-align:top}table a {font-weight:bold}.stripe td {background-color: #E6EBF9}.num {text-align:right}.passedodd td {background-color: #3F3}.passedeven td {background-color: #0A0}.skippedodd td {background-color: #DDD}.skippedeven td {background-color: #CCC}.failedodd td,.attn {background-color: #F33}.failedeven td,.stripe .attn {background-color: #D00}.stacktrace {white-space:pre;font-family:monospace}.totop {font-size:85%;text-align:center;border-bottom:2px solid #000}.invisible {display:none}</style>
</head>
<body>
<table>
<tr><th>Test</th><th># Passed</th><th># Skipped</th><th># Retried</th><th># Failed</th><th>Time (ms)</th><th>Included Groups</th><th>Excluded Groups</th></tr>
<tr><th colspan="8">Suite</th></tr>
<tr><td><a href="#t0">Error Validation</a></td><td class="num">0</td><td class="num">0</td><td class="num attn">1</td><td class="num attn">2</td><td class="num">40,605</td><td></td><td></td></tr>
<tr class="stripe"><td><a href="#t1">Stand Alone Test</a></td><td class="num">1</td><td class="num attn">1</td><td class="num">0</td><td class="num attn">1</td><td class="num">51,682</td><td></td><td></td></tr>
<tr><th>Total</th><th class="num">1</th><th class="num attn">1</th><th class="num attn">1</th><th class="num attn">3</th><th class="num">92,287</th><th colspan="2"></th></tr>
</table>
<table id='summary'><thead><tr><th>Class</th><th>Method</th><th>Start</th><th>Time (ms)</th></tr></thead><tbody><tr><th colspan="4">Suite</th></tr></tbody><tbody id="t0"><tr><th colspan="4">Error Validation &#8212; failed</th></tr><tr class="failedeven"><td rowspan="2">VinitCom.tests.ErrorValidation</td><td><a href="#m0">loginErrorValidation</a></td><td rowspan="1">1757240878417</td><td rowspan="1">1849</td></tr><tr class="failedeven"><td><a href="#m1">productErrorValidation</a></td><td rowspan="1">1757240902046</td><td rowspan="1">7670</td></tr><tr><th colspan="4">Error Validation &#8212; retried</th></tr><tr class="retriedeven"><td rowspan="1">VinitCom.tests.ErrorValidation</td><td><a href="#m2">productErrorValidation</a></td><td rowspan="1">1757240886922</td><td rowspan="1">7745</td></tr></tbody>
<tbody id="t1"><tr><th colspan="4">Stand Alone Test &#8212; failed</th></tr><tr class="failedeven"><td rowspan="1">VinitCom.tests.StandAloneTest</td><td><a href="#m3">SubmitOrder</a></td><td rowspan="1">1757240879768</td><td rowspan="1">24936</td></tr><tr><th colspan="4">Stand Alone Test &#8212; skipped</th></tr><tr class="skippedeven"><td rowspan="1">VinitCom.tests.StandAloneTest</td><td><a href="#m4">verifyOrderHistory</a></td><td rowspan="1">1757240923018</td><td rowspan="1">0</td></tr><tr><th colspan="4">Stand Alone Test &#8212; passed</th></tr><tr class="passedeven"><td rowspan="1">VinitCom.tests.StandAloneTest</td><td><a href="#m5">SubmitOrder</a></td><td rowspan="1">1757240911577</td><td rowspan="1">10546</td></tr></tbody>
</table>
<h2>Error Validation</h2><h3 id="m0">VinitCom.tests.ErrorValidation#loginErrorValidation</h3><table class="result"><tr><th>Exception</th></tr><tr><td><div class="stacktrace">java.lang.AssertionError: expected [[[ChromeDriver: chrome on windows (d25f329a831a4b067cd4dbd8c2c0a021)] -&gt; css selector: [class*=&apos;flyInOut&apos;]] but found [Incorrect email or password.]
	at VinitCom.tests.ErrorValidation.loginErrorValidation(ErrorValidation.java:36)
	at java.base/java.util.ArrayList.forEach(ArrayList.java:1596)
	at java.base/java.util.concurrent.FutureTask.run(FutureTask.java:317)
	at java.base/java.util.concurrent.ThreadPoolExecutor.runWorker(ThreadPoolExecutor.java:1144)
	at java.base/java.util.concurrent.ThreadPoolExecutor$Worker.run(ThreadPoolExecutor.java:642)
	at java.base/java.lang.Thread.run(Thread.java:1583)
... Removed 20 stack frames</div></td></tr></table><p class="totop"><a href="#summary">back to summary</a></p>
<h3 id="m1">VinitCom.tests.ErrorValidation#productErrorValidation</h3><table class="result"><tr><th>Exception</th></tr><tr><td><div class="stacktrace">java.lang.NullPointerException: Cannot invoke &quot;org.openqa.selenium.WebElement.findElement(org.openqa.selenium.By)&quot; because &quot;DesiredProd&quot; is null
	at VinitCom.pagebjects.ProductCatalog.addProductToCart(ProductCatalog.java:57)
	at VinitCom.tests.ErrorValidation.productErrorValidation(ErrorValidation.java:50)
	at java.base/java.util.ArrayList.forEach(ArrayList.java:1596)
	at java.base/java.util.concurrent.FutureTask.run(FutureTask.java:317)
	at java.base/java.util.concurrent.ThreadPoolExecutor.runWorker(ThreadPoolExecutor.java:1144)
	at java.base/java.util.concurrent.ThreadPoolExecutor$Worker.run(ThreadPoolExecutor.java:642)
	at java.base/java.lang.Thread.run(Thread.java:1583)
... Removed 15 stack frames</div></td></tr></table><p class="totop"><a href="#summary">back to summary</a></p>
<h3 id="m2">VinitCom.tests.ErrorValidation#productErrorValidation</h3><table class="result"><tr><th>Exception</th></tr><tr><td><div class="stacktrace">java.lang.NullPointerException: Cannot invoke &quot;org.openqa.selenium.WebElement.findElement(org.openqa.selenium.By)&quot; because &quot;DesiredProd&quot; is null
	at VinitCom.pagebjects.ProductCatalog.addProductToCart(ProductCatalog.java:57)
	at VinitCom.tests.ErrorValidation.productErrorValidation(ErrorValidation.java:50)
	at java.base/java.util.ArrayList.forEach(ArrayList.java:1596)
	at java.base/java.util.concurrent.FutureTask.run(FutureTask.java:317)
	at java.base/java.util.concurrent.ThreadPoolExecutor.runWorker(ThreadPoolExecutor.java:1144)
	at java.base/java.util.concurrent.ThreadPoolExecutor$Worker.run(ThreadPoolExecutor.java:642)
	at java.base/java.lang.Thread.run(Thread.java:1583)
... Removed 15 stack frames</div></td></tr></table><p class="totop"><a href="#summary">back to summary</a></p>
<h2>Stand Alone Test</h2><h3 id="m3">VinitCom.tests.StandAloneTest#SubmitOrder</h3><table class="result"><tr class="param"><th>Parameter #1</th></tr><tr class="param stripe"><td>{password=Vinit@123, product=ADIDAS ORIGINAL, email=vinit123@gmail.com}</td></tr><tr><th>Exception</th></tr><tr><td><div class="stacktrace">java.lang.AssertionError: expected [true] but found [false]
	at VinitCom.tests.StandAloneTest.SubmitOrder(StandAloneTest.java:50)
	at java.base/java.util.ArrayList.forEach(ArrayList.java:1596)
	at java.base/java.util.concurrent.FutureTask.run(FutureTask.java:317)
	at java.base/java.util.concurrent.ThreadPoolExecutor.runWorker(ThreadPoolExecutor.java:1144)
	at java.base/java.util.concurrent.ThreadPoolExecutor$Worker.run(ThreadPoolExecutor.java:642)
	at java.base/java.lang.Thread.run(Thread.java:1583)
... Removed 19 stack frames</div></td></tr></table><p class="totop"><a href="#summary">back to summary</a></p>
<h3 id="m4">VinitCom.tests.StandAloneTest#verifyOrderHistory</h3><table class="result"><tr><th>Exception</th></tr><tr><td><div class="stacktrace">java.lang.Throwable: Method VinitCom.tests.StandAloneTest.verifyOrderHistory() on instance VinitCom.tests.StandAloneTest@239a307b depends on not successfully finished methods 
[VinitCom.tests.StandAloneTest.SubmitOrder() on instance VinitCom.tests.StandAloneTest@239a307b]
	at java.base/java.util.ArrayList.forEach(ArrayList.java:1596)
	at java.base/java.util.concurrent.FutureTask.run(FutureTask.java:317)
	at java.base/java.util.concurrent.ThreadPoolExecutor.runWorker(ThreadPoolExecutor.java:1144)
	at java.base/java.util.concurrent.ThreadPoolExecutor$Worker.run(ThreadPoolExecutor.java:642)
	at java.base/java.lang.Thread.run(Thread.java:1583)
... Removed 8 stack frames</div></td></tr></table><p class="totop"><a href="#summary">back to summary</a></p>
<h3 id="m5">VinitCom.tests.StandAloneTest#SubmitOrder</h3><table class="result"><tr class="param"><th>Parameter #1</th></tr><tr class="param stripe"><td>{password=Sujal@14325, product=IPHONE 13 PRO, email=Sujal123@gmail.com}</td></tr></table><p class="totop"><a href="#summary">back to summary</a></p>
</body>
</html>
